<?xml version="1.0" encoding="UTF-8"?>
<!-- Generated by org.testng.reporters.JUnitReportReporter -->
<testsuite hostname="SATISH" failures="0" tests="1" name="TestNg.Testng1" time="0.003" errors="0" timestamp="2023-01-10T18:25:32 IST" skipped="0">
  <testcase classname="TestNg.Testng1" name="tcl" time="0.003"/>
  <system-out>
    <![CDATA[satish
i am happy]]>
  </system-out>
</testsuite> <!-- TestNg.Testng1 -->
