<?xml version="1.0" encoding="UTF-8"?>
<!-- Generated by org.testng.reporters.JUnitReportReporter -->
<testsuite hostname="SATISH" failures="0" tests="1" name="Annotation.Facebook" time="12.124" errors="0" timestamp="2023-01-11T12:26:22 IST" skipped="0">
  <testcase classname="Annotation.Facebook" name="run" time="12.124"/>
  <system-out>
    <![CDATA[Log in to Facebook
https://www.facebook.com/login/device-based/regular/login/?login_attempt=1&lwv=100]]>
  </system-out>
</testsuite> <!-- Annotation.Facebook -->
