<?xml version="1.0" encoding="UTF-8"?>
<!-- Generated by org.testng.reporters.JUnitReportReporter -->
<testsuite hostname="SATISH" failures="0" tests="1" name="TestNg.FalseProgram" time="0.015" errors="0" timestamp="2023-01-10T18:25:32 IST" skipped="0">
  <testcase classname="TestNg.FalseProgram" name="Tcl1" time="0.015"/>
  <system-out>
    <![CDATA[i am happy]]>
  </system-out>
</testsuite> <!-- TestNg.FalseProgram -->
