<?xml version="1.0" encoding="UTF-8"?>
<!-- Generated by org.testng.reporters.JUnitReportReporter -->
<testsuite hostname="SATISH" failures="0" tests="9" name="TestNg.Invocation" time="0.025" errors="0" timestamp="2023-01-10T18:33:32 IST" skipped="0">
  <testcase classname="TestNg.Invocation" name="VoiceCall" time="0.000"/>
  <system-out>
    <![CDATA[Love]]>
  </system-out>
  <testcase classname="TestNg.Invocation" name="VoiceCall" time="0.019"/>
  <system-out>
    <![CDATA[Love]]>
  </system-out>
  <testcase classname="TestNg.Invocation" name="VoiceCall" time="0.006"/>
  <system-out>
    <![CDATA[Love]]>
  </system-out>
  <testcase classname="TestNg.Invocation" name="VoiceCall" time="0.000"/>
  <system-out>
    <![CDATA[Love]]>
  </system-out>
  <testcase classname="TestNg.Invocation" name="setting" time="0.000"/>
  <system-out>
    <![CDATA[setting message]]>
  </system-out>
  <testcase classname="TestNg.Invocation" name="chat" time="0.000"/>
  <system-out>
    <![CDATA[chatting with girlfriend]]>
  </system-out>
  <testcase classname="TestNg.Invocation" name="setting" time="0.000"/>
  <system-out>
    <![CDATA[setting message]]>
  </system-out>
  <testcase classname="TestNg.Invocation" name="call" time="0.000"/>
  <system-out>
    <![CDATA[call the person]]>
  </system-out>
  <testcase classname="TestNg.Invocation" name="turnOff" time="0.000"/>
  <system-out>
    <![CDATA[switch off]]>
  </system-out>
</testsuite> <!-- TestNg.Invocation -->
