<?xml version="1.0" encoding="UTF-8"?>
<!-- Generated by org.testng.reporters.JUnitReportReporter -->
<testsuite hostname="SATISH" failures="0" tests="1" name="Assert.Hard" time="10.684" errors="0" timestamp="2023-01-11T19:52:19 IST" skipped="0">
  <testcase classname="Assert.Hard" name="Run" time="10.684"/>
  <system-out>
    <![CDATA[Log in to Facebook
https://www.facebook.com/login/device-based/regular/login/?login_attempt=1&lwv=100]]>
  </system-out>
</testsuite> <!-- Assert.Hard -->
