<?xml version="1.0" encoding="UTF-8"?>
<!-- Generated by org.testng.reporters.JUnitReportReporter -->
<testsuite hostname="SATISH" failures="0" tests="1" name="Annotation.facebookforgotpass" time="11.697" errors="0" timestamp="2023-01-11T12:42:20 IST" skipped="0">
  <testcase classname="Annotation.facebookforgotpass" name="run" time="11.697"/>
  <system-out>
    <![CDATA[Forgotten Password | Can't Log In | Facebook
https://www.facebook.com/login/identify/?ctx=recover&ars=facebook_login&from_login_screen=0]]>
  </system-out>
</testsuite> <!-- Annotation.facebookforgotpass -->
