<?xml version="1.0" encoding="UTF-8"?>
<!-- Generated by org.testng.reporters.JUnitReportReporter -->
<testsuite hostname="SATISH" failures="0" tests="4" name="TestNg.Priority" time="0.012" errors="0" timestamp="2023-01-10T18:28:52 IST" skipped="0">
  <testcase classname="TestNg.Priority" name="setting" time="0.010"/>
  <system-out>
    <![CDATA[setting message]]>
  </system-out>
  <testcase classname="TestNg.Priority" name="call" time="0.002"/>
  <system-out>
    <![CDATA[call the person]]>
  </system-out>
  <testcase classname="TestNg.Priority" name="chat" time="0.000"/>
  <system-out>
    <![CDATA[chatting with girlfriend]]>
  </system-out>
  <testcase classname="TestNg.Priority" name="turnOff" time="0.000"/>
  <system-out>
    <![CDATA[switch off]]>
  </system-out>
</testsuite> <!-- TestNg.Priority -->
